Drill report for Kaboom_box_bottom.kicad_pcb
Created on Mon Oct  9 21:12:52 2023

Copper Layer Stackup:
    =============================================================
    L1 :  F.Cu                      front
    L2 :  B.Cu                      back


Drill file 'Kaboom_box_bottom.drl' contains
    plated through holes:
    =============================================================
    T1  0.400mm  0.0157"  (217 holes)
    T2  0.500mm  0.0197"  (2 holes)
    T3  1.000mm  0.0394"  (70 holes)
    T4  1.100mm  0.0433"  (4 holes)
    T5  1.200mm  0.0472"  (14 holes)  (with 9 slots)
    T6  1.300mm  0.0512"  (2 holes)
    T7  1.600mm  0.0630"  (2 holes)
    T8  2.300mm  0.0906"  (2 holes)  (with 2 slots)
    T9  2.400mm  0.0945"  (2 holes)
    T10  4.100mm  0.1614"  (29 holes)

    Total plated holes count 344


Not plated through holes are merged with plated holes
    unplated through holes:
    =============================================================
    T11  1.850mm  0.0728"  (2 holes)
    T12  2.200mm  0.0866"  (2 holes)
    T13  4.200mm  0.1654"  (1 hole)
    T14  4.300mm  0.1693"  (4 holes)

    Total unplated holes count 9
